<?xml version="1.0" encoding="UTF-8" ?>
<testsuite failures="0" time="0.712" errors="0" skipped="0" tests="8" name="com.mycom.apotik.RunapotikTest">
  <properties>
[...]
</properties>
  <testcase time="0.148" classname="buy medicine" name="user buy medicine"/>
  <testcase time="0.003" classname="buy medicine" name="user buy medicine"/>
  <testcase time="0.003" classname="restock medicine" name="employee note the restock of medicine"/>
  <testcase time="0.003" classname="restock medicine" name="employee not note the restock of medicine"/>
  <testcase time="0.003" classname="new distributor" name="person want to join distributor"/>
  <testcase time="0.003" classname="see the medicine" name="staff use see the medicine\&apos;s menu"/>
  <testcase time="0.004" classname="new member" name="user want to join member"/>
  <testcase time="0.002" classname="new employee" name="person want to join employee"/>
</testsuite>